{"/Users/ChaiPinZheng/Dev/doc-portal-docsify-plugin-toc/src/calc.ts": {"path":"/Users/ChaiPinZheng/Dev/doc-portal-docsify-plugin-toc/src/calc.ts","statementMap":{"0":{"start":{"line":2,"column":1},"end":{"line":2,"column":16}},"1":{"start":{"line":1,"column":0},"end":{"line":1,"column":16}}},"fnMap":{"0":{"name":"add","decl":{"start":{"line":1,"column":16},"end":{"line":1,"column":19}},"loc":{"start":{"line":1,"column":42},"end":{"line":3,"column":1}}}},"branchMap":{},"s":{"0":2,"1":1},"f":{"0":2},"b":{}}
}
